# JRE version: Java(TM) SE Runtime Environment (8.0_112-b15) (build 1.8.0_112-b15)
# Java VM: Java HotSpot(TM) 64-Bit Server VM (25.112-b15 mixed mode windows-amd64 compressed oops)
Heap:
 PSYoungGen      total 50688K, used 14604K [0x00000007bc400000, 0x00000007c0000000, 0x00000007c0000000)
  eden space 39936K, 20% used [0x00000007bc400000,0x00000007bcbf2280,0x00000007beb00000)
  from space 10752K, 60% used [0x00000007bf580000,0x00000007bfbd0f50,0x00000007c0000000)
  to   space 10752K, 0% used [0x00000007beb00000,0x00000007beb00000,0x00000007bf580000)
 ParOldGen       total 143360K, used 50521K [0x0000000700000000, 0x0000000708c00000, 0x00000007bc400000)
  object space 143360K, 35% used [0x0000000700000000,0x0000000703156708,0x0000000708c00000)
 Metaspace       used 65546K, capacity 66163K, committed 66816K, reserved 1105920K
  class space    used 9268K, capacity 9407K, committed 9472K, reserved 1048576K
GC Heap History (10 events):
Event: 221.966 GC heap before
{Heap before GC invocations=56 (full 4):
 PSYoungGen      total 50688K, used 6441K [0x00000007bc400000, 0x00000007c0000000, 0x00000007c0000000)
  eden space 39936K, 0% used [0x00000007bc400000,0x00000007bc400000,0x00000007beb00000)
  from space 10752K, 59% used [0x00000007bf580000,0x00000007bfbca788,0x00000007c0000000)
  to   space 10752K, 0% used [0x00000007beb00000,0x00000007beb00000,0x00000007bf580000)
 ParOldGen       total 143360K, used 48244K [0x0000000700000000, 0x0000000708c00000, 0x00000007bc400000)
  object space 143360K, 33% used [0x0000000700000000,0x0000000702f1d0b8,0x0000000708c00000)
 Metaspace       used 65082K, capacity 65645K, committed 66176K, reserved 1105920K
  class space    used 9227K, capacity 9342K, committed 9344K, reserved 1048576K
Event: 222.340 GC heap after
Heap after GC invocations=56 (full 4):
 PSYoungGen      total 50688K, used 0K [0x00000007bc400000, 0x00000007c0000000, 0x00000007c0000000)
  eden space 39936K, 0% used [0x00000007bc400000,0x00000007bc400000,0x00000007beb00000)
  from space 10752K, 0% used [0x00000007bf580000,0x00000007bf580000,0x00000007c0000000)
  to   space 10752K, 0% used [0x00000007beb00000,0x00000007beb00000,0x00000007bf580000)
 ParOldGen       total 143360K, used 50513K [0x0000000700000000, 0x0000000708c00000, 0x00000007bc400000)
  object space 143360K, 35% used [0x0000000700000000,0x0000000703154708,0x0000000708c00000)
 Metaspace       used 65082K, capacity 65645K, committed 66176K, reserved 1105920K
  class space    used 9227K, capacity 9342K, committed 9344K, reserved 1048576K
}
Event: 225.093 GC heap before
{Heap before GC invocations=57 (full 4):
 PSYoungGen      total 50688K, used 39936K [0x00000007bc400000, 0x00000007c0000000, 0x00000007c0000000)
  eden space 39936K, 100% used [0x00000007bc400000,0x00000007beb00000,0x00000007beb00000)
  from space 10752K, 0% used [0x00000007bf580000,0x00000007bf580000,0x00000007c0000000)
  to   space 10752K, 0% used [0x00000007beb00000,0x00000007beb00000,0x00000007bf580000)
 ParOldGen       total 143360K, used 50513K [0x0000000700000000, 0x0000000708c00000, 0x00000007bc400000)
  object space 143360K, 35% used [0x0000000700000000,0x0000000703154708,0x0000000708c00000)
 Metaspace       used 65235K, capacity 65869K, committed 66560K, reserved 1105920K
  class space    used 9231K, capacity 9374K, committed 9472K, reserved 1048576K
Event: 225.102 GC heap after
Heap after GC invocations=57 (full 4):
 PSYoungGen      total 40960K, used 988K [0x00000007bc400000, 0x00000007c0000000, 0x00000007c0000000)
  eden space 39936K, 0% used [0x00000007bc400000,0x00000007bc400000,0x00000007beb00000)
  from space 1024K, 96% used [0x00000007beb00000,0x00000007bebf7138,0x00000007bec00000)
  to   space 11264K, 0% used [0x00000007bf500000,0x00000007bf500000,0x00000007c0000000)
 ParOldGen       total 143360K, used 50513K [0x0000000700000000, 0x0000000708c00000, 0x00000007bc400000)
  object space 143360K, 35% used [0x0000000700000000,0x0000000703154708,0x0000000708c00000)
 Metaspace       used 65235K, capacity 65869K, committed 66560K, reserved 1105920K
  class space    used 9231K, capacity 9374K, committed 9472K, reserved 1048576K
}
Event: 227.961 GC heap before
{Heap before GC invocations=58 (full 4):
 PSYoungGen      total 40960K, used 40924K [0x00000007bc400000, 0x00000007c0000000, 0x00000007c0000000)
  eden space 39936K, 100% used [0x00000007bc400000,0x00000007beb00000,0x00000007beb00000)
  from space 1024K, 96% used [0x00000007beb00000,0x00000007bebf7138,0x00000007bec00000)
  to   space 11264K, 0% used [0x00000007bf500000,0x00000007bf500000,0x00000007c0000000)
 ParOldGen       total 143360K, used 50513K [0x0000000700000000, 0x0000000708c00000, 0x00000007bc400000)
  object space 143360K, 35% used [0x0000000700000000,0x0000000703154708,0x0000000708c00000)
 Metaspace       used 65311K, capacity 65875K, committed 66560K, reserved 1105920K
  class space    used 9232K, capacity 9375K, committed 9472K, reserved 1048576K
Event: 227.964 GC heap after
Heap after GC invocations=58 (full 4):
 PSYoungGen      total 50176K, used 1063K [0x00000007bc400000, 0x00000007c0000000, 0x00000007c0000000)
  eden space 38912K, 0% used [0x00000007bc400000,0x00000007bc400000,0x00000007bea00000)
  from space 11264K, 9% used [0x00000007bf500000,0x00000007bf609fe0,0x00000007c0000000)
  to   space 11264K, 0% used [0x00000007bea00000,0x00000007bea00000,0x00000007bf500000)
 ParOldGen       total 143360K, used 50521K [0x0000000700000000, 0x0000000708c00000, 0x00000007bc400000)
  object space 143360K, 35% used [0x0000000700000000,0x0000000703156708,0x0000000708c00000)
 Metaspace       used 65311K, capacity 65875K, committed 66560K, reserved 1105920K
  class space    used 9232K, capacity 9375K, committed 9472K, reserved 1048576K
}
Event: 229.762 GC heap before
{Heap before GC invocations=59 (full 4):
 PSYoungGen      total 50176K, used 39975K [0x00000007bc400000, 0x00000007c0000000, 0x00000007c0000000)
  eden space 38912K, 100% used [0x00000007bc400000,0x00000007bea00000,0x00000007bea00000)
  from space 11264K, 9% used [0x00000007bf500000,0x00000007bf609fe0,0x00000007c0000000)
  to   space 11264K, 0% used [0x00000007bea00000,0x00000007bea00000,0x00000007bf500000)
 ParOldGen       total 143360K, used 50521K [0x0000000700000000, 0x0000000708c00000, 0x00000007bc400000)
  object space 143360K, 35% used [0x0000000700000000,0x0000000703156708,0x0000000708c00000)
 Metaspace       used 65496K, capacity 66099K, committed 66816K, reserved 1105920K
  class space    used 9267K, capacity 9407K, committed 9472K, reserved 1048576K
Event: 229.767 GC heap after
Heap after GC invocations=59 (full 4):
 PSYoungGen      total 50176K, used 3184K [0x00000007bc400000, 0x00000007c0000000, 0x00000007c0000000)
  eden space 38912K, 0% used [0x00000007bc400000,0x00000007bc400000,0x00000007bea00000)
  from space 11264K, 28% used [0x00000007bea00000,0x00000007bed1c370,0x00000007bf500000)
  to   space 10752K, 0% used [0x00000007bf580000,0x00000007bf580000,0x00000007c0000000)
 ParOldGen       total 143360K, used 50521K [0x0000000700000000, 0x0000000708c00000, 0x00000007bc400000)
  object space 143360K, 35% used [0x0000000700000000,0x0000000703156708,0x0000000708c00000)
 Metaspace       used 65496K, capacity 66099K, committed 66816K, reserved 1105920K
  class space    used 9267K, capacity 9407K, committed 9472K, reserved 1048576K
}
Event: 231.663 GC heap before
{Heap before GC invocations=60 (full 4):
 PSYoungGen      total 50176K, used 42096K [0x00000007bc400000, 0x00000007c0000000, 0x00000007c0000000)
  eden space 38912K, 100% used [0x00000007bc400000,0x00000007bea00000,0x00000007bea00000)
  from space 11264K, 28% used [0x00000007bea00000,0x00000007bed1c370,0x00000007bf500000)
  to   space 10752K, 0% used [0x00000007bf580000,0x00000007bf580000,0x00000007c0000000)
 ParOldGen       total 143360K, used 50521K [0x0000000700000000, 0x0000000708c00000, 0x00000007bc400000)
  object space 143360K, 35% used [0x0000000700000000,0x0000000703156708,0x0000000708c00000)
 Metaspace       used 65521K, capacity 66163K, committed 66816K, reserved 1105920K
  class space    used 9267K, capacity 9407K, committed 9472K, reserved 1048576K
Event: 231.669 GC heap after
Heap after GC invocations=60 (full 4):
 PSYoungGen      total 50688K, used 6467K [0x00000007bc400000, 0x00000007c0000000, 0x00000007c0000000)
  eden space 39936K, 0% used [0x00000007bc400000,0x00000007bc400000,0x00000007beb00000)
  from space 10752K, 60% used [0x00000007bf580000,0x00000007bfbd0f50,0x00000007c0000000)
  to   space 10752K, 0% used [0x00000007beb00000,0x00000007beb00000,0x00000007bf580000)
 ParOldGen       total 143360K, used 50521K [0x0000000700000000, 0x0000000708c00000, 0x00000007bc400000)
  object space 143360K, 35% used [0x0000000700000000,0x0000000703156708,0x0000000708c00000)
 Metaspace       used 65521K, capacity 66163K, committed 66816K, reserved 1105920K
  class space    used 9267K, capacity 9407K, committed 9472K, reserved 1048576K
}

